<?xml version="1.0" encoding="UTF-8"?>
<testsuite xmlns:xsi="http://www.w3.org/2001/XMLSchema-instance" xsi:noNamespaceSchemaLocation="https://maven.apache.org/surefire/maven-surefire-plugin/xsd/surefire-test-report-3.0.xsd" version="3.0" name="org.ml4j.nn.architectures.yolo.yolov2.YOLOv2DefinitionTest" time="0.021" tests="1" errors="0" skipped="0" failures="0">
  <properties>
    <property name="java.specification.version" value="19"/>
    <property name="sun.jnu.encoding" value="UTF-8"/>
    <property name="java.class.path" value="/Users/michael/stuff/code/checkouts/ml4jnew/neural-network-architectures/target/test-classes:/Users/michael/stuff/code/checkouts/ml4jnew/neural-network-architectures/target/classes:/Users/michael/.m2/repository/org/ml4j/ml4j-sessions-api/2.0.0.RC1/ml4j-sessions-api-2.0.0.RC1.jar:/Users/michael/.m2/repository/org/ml4j/ml4j-matrices-api/2.0.0.RC1/ml4j-matrices-api-2.0.0.RC1.jar:/Users/michael/.m2/repository/org/ml4j/ml4j-base-api/2.0.0.RC1/ml4j-base-api-2.0.0.RC1.jar:/Users/michael/.m2/repository/commons-lang/commons-lang/2.6/commons-lang-2.6.jar:/Users/michael/.m2/repository/org/ml4j/ml4j-builders-api/2.0.0.RC1/ml4j-builders-api-2.0.0.RC1.jar:/Users/michael/.m2/repository/org/ml4j/ml4j-nn-api/2.0.0.RC1/ml4j-nn-api-2.0.0.RC1.jar:/Users/michael/.m2/repository/org/ml4j/ml4j-layers-api/2.0.0.RC1/ml4j-layers-api-2.0.0.RC1.jar:/Users/michael/.m2/repository/org/ml4j/ml4j-synapses-api/2.0.0.RC1/ml4j-synapses-api-2.0.0.RC1.jar:/Users/michael/.m2/repository/org/ml4j/ml4j-streams-api/2.0.0.RC1/ml4j-streams-api-2.0.0.RC1.jar:/Users/michael/.m2/repository/com/codepoetics/protonpack/1.15/protonpack-1.15.jar:/Users/michael/.m2/repository/org/ml4j/ml4j-datasets-api/2.0.0.RC1/ml4j-datasets-api-2.0.0.RC1.jar:/Users/michael/.m2/repository/org/ml4j/ml4j-mock-activationfunctions/2.0.0-SNAPSHOT/ml4j-mock-activationfunctions-2.0.0-SNAPSHOT.jar:/Users/michael/.m2/repository/org/ml4j/ml4j-components-api/2.0.0.RC1/ml4j-components-api-2.0.0.RC1.jar:/Users/michael/.m2/repository/org/ml4j/ml4j-axons-api/2.0.0.RC1/ml4j-axons-api-2.0.0.RC1.jar:/Users/michael/.m2/repository/org/ml4j/ml4j-base-components/2.0.0-SNAPSHOT/ml4j-base-components-2.0.0-SNAPSHOT.jar:/Users/michael/.m2/repository/org/ml4j/ml4j-matrices-impl/2.0.0-SNAPSHOT/ml4j-matrices-impl-2.0.0-SNAPSHOT.jar:/Users/michael/.m2/repository/com/googlecode/netlib-java/netlib-java/1.1/netlib-java-1.1.jar:/Users/michael/.m2/repository/org/nd4j/nd4j-api/1.0.0-M2.1/nd4j-api-1.0.0-M2.1.jar:/Users/michael/.m2/repository/com/jakewharton/byteunits/byteunits/0.9.1/byteunits-0.9.1.jar:/Users/michael/.m2/repository/org/apache/commons/commons-math3/3.5/commons-math3-3.5.jar:/Users/michael/.m2/repository/org/apache/commons/commons-lang3/3.11/commons-lang3-3.11.jar:/Users/michael/.m2/repository/org/apache/commons/commons-collections4/4.1/commons-collections4-4.1.jar:/Users/michael/.m2/repository/com/google/flatbuffers/flatbuffers-java/1.12.0/flatbuffers-java-1.12.0.jar:/Users/michael/.m2/repository/org/nd4j/protobuf/1.0.0-M2.1/protobuf-1.0.0-M2.1.jar:/Users/michael/.m2/repository/com/github/oshi/oshi-core/3.4.2/oshi-core-3.4.2.jar:/Users/michael/.m2/repository/net/java/dev/jna/jna-platform/4.3.0/jna-platform-4.3.0.jar:/Users/michael/.m2/repository/net/java/dev/jna/jna/4.3.0/jna-4.3.0.jar:/Users/michael/.m2/repository/org/threeten/threetenbp/1.3.3/threetenbp-1.3.3.jar:/Users/michael/.m2/repository/org/nd4j/jackson/1.0.0-M2.1/jackson-1.0.0-M2.1.jar:/Users/michael/.m2/repository/commons-net/commons-net/3.1/commons-net-3.1.jar:/Users/michael/.m2/repository/net/ericaro/neoitertools/1.0.0/neoitertools-1.0.0.jar:/Users/michael/.m2/repository/org/nd4j/nd4j-common/1.0.0-M2.1/nd4j-common-1.0.0-M2.1.jar:/Users/michael/.m2/repository/org/nd4j/guava/1.0.0-M2.1/guava-1.0.0-M2.1.jar:/Users/michael/.m2/repository/commons-io/commons-io/2.7/commons-io-2.7.jar:/Users/michael/.m2/repository/org/apache/commons/commons-compress/1.21/commons-compress-1.21.jar:/Users/michael/.m2/repository/commons-codec/commons-codec/1.10/commons-codec-1.10.jar:/Users/michael/.m2/repository/org/jblas/jblas/1.2.5/jblas-1.2.5.jar:/Users/michael/.m2/repository/net/sourceforge/f2j/arpack_combined_all/0.1/arpack_combined_all-0.1.jar:/Users/michael/.m2/repository/com/github/fommil/netlib/core/1.1.2/core-1.1.2.jar:/Users/michael/.m2/repository/com/github/fommil/netlib/netlib-native_ref-osx-x86_64/1.1/netlib-native_ref-osx-x86_64-1.1-natives.jar:/Users/michael/.m2/repository/com/github/fommil/netlib/native_ref-java/1.1/native_ref-java-1.1.jar:/Users/michael/.m2/repository/com/github/fommil/jniloader/1.1/jniloader-1.1.jar:/Users/michael/.m2/repository/com/github/fommil/netlib/netlib-native_ref-linux-x86_64/1.1/netlib-native_ref-linux-x86_64-1.1-natives.jar:/Users/michael/.m2/repository/com/github/fommil/netlib/netlib-native_ref-linux-i686/1.1/netlib-native_ref-linux-i686-1.1-natives.jar:/Users/michael/.m2/repository/com/github/fommil/netlib/netlib-native_ref-win-x86_64/1.1/netlib-native_ref-win-x86_64-1.1-natives.jar:/Users/michael/.m2/repository/com/github/fommil/netlib/netlib-native_ref-win-i686/1.1/netlib-native_ref-win-i686-1.1-natives.jar:/Users/michael/.m2/repository/com/github/fommil/netlib/netlib-native_ref-linux-armhf/1.1/netlib-native_ref-linux-armhf-1.1-natives.jar:/Users/michael/.m2/repository/com/github/fommil/netlib/netlib-native_system-osx-x86_64/1.1/netlib-native_system-osx-x86_64-1.1-natives.jar:/Users/michael/.m2/repository/com/github/fommil/netlib/native_system-java/1.1/native_system-java-1.1.jar:/Users/michael/.m2/repository/com/github/fommil/netlib/netlib-native_system-linux-x86_64/1.1/netlib-native_system-linux-x86_64-1.1-natives.jar:/Users/michael/.m2/repository/com/github/fommil/netlib/netlib-native_system-linux-i686/1.1/netlib-native_system-linux-i686-1.1-natives.jar:/Users/michael/.m2/repository/com/github/fommil/netlib/netlib-native_system-linux-armhf/1.1/netlib-native_system-linux-armhf-1.1-natives.jar:/Users/michael/.m2/repository/com/github/fommil/netlib/netlib-native_system-win-x86_64/1.1/netlib-native_system-win-x86_64-1.1-natives.jar:/Users/michael/.m2/repository/com/github/fommil/netlib/netlib-native_system-win-i686/1.1/netlib-native_system-win-i686-1.1-natives.jar:/Users/michael/.m2/repository/org/ml4j/ml4j-base-impl/2.0.0-SNAPSHOT/ml4j-base-impl-2.0.0-SNAPSHOT.jar:/Users/michael/.m2/repository/org/ml4j/ml4j-components-tests/2.0.0-SNAPSHOT/ml4j-components-tests-2.0.0-SNAPSHOT.jar:/Users/michael/.m2/repository/org/ml4j/ml4j-sessions-impl/2.0.0-SNAPSHOT/ml4j-sessions-impl-2.0.0-SNAPSHOT.jar:/Users/michael/.m2/repository/org/ml4j/ml4j-builders-impl/2.0.0-SNAPSHOT/ml4j-builders-impl-2.0.0-SNAPSHOT.jar:/Users/michael/.m2/repository/org/ml4j/ml4j-nn-impl/2.0.0-SNAPSHOT/ml4j-nn-impl-2.0.0-SNAPSHOT.jar:/Users/michael/.m2/repository/org/ml4j/ml4j-datasets-impl/2.0.0-SNAPSHOT/ml4j-datasets-impl-2.0.0-SNAPSHOT.jar:/Users/michael/.m2/repository/net/coobird/thumbnailator/0.4.7/thumbnailator-0.4.7.jar:/Users/michael/.m2/repository/org/ml4j/ml4j-layers-impl/2.0.0-SNAPSHOT/ml4j-layers-impl-2.0.0-SNAPSHOT.jar:/Users/michael/.m2/repository/org/ml4j/ml4j-synapses-impl/2.0.0-SNAPSHOT/ml4j-synapses-impl-2.0.0-SNAPSHOT.jar:/Users/michael/.m2/repository/org/ml4j/ml4j-layered-nn-impl/2.0.0-SNAPSHOT/ml4j-layered-nn-impl-2.0.0-SNAPSHOT.jar:/Users/michael/.m2/repository/org/ml4j/ml4j-mock-components/2.0.0-SNAPSHOT/ml4j-mock-components-2.0.0-SNAPSHOT.jar:/Users/michael/.m2/repository/org/bytedeco/openblas/0.3.6-1.5.1/openblas-0.3.6-1.5.1.jar:/Users/michael/.m2/repository/org/bytedeco/javacpp/1.5.1/javacpp-1.5.1.jar:/Users/michael/.m2/repository/org/projectlombok/lombok/1.18.26/lombok-1.18.26.jar:/Users/michael/.m2/repository/ch/qos/logback/logback-classic/1.1.2/logback-classic-1.1.2.jar:/Users/michael/.m2/repository/ch/qos/logback/logback-core/1.1.2/logback-core-1.1.2.jar:/Users/michael/.m2/repository/org/slf4j/slf4j-api/1.7.6/slf4j-api-1.7.6.jar:/Users/michael/.m2/repository/org/mockito/mockito-core/3.1.0/mockito-core-3.1.0.jar:/Users/michael/.m2/repository/net/bytebuddy/byte-buddy/1.9.10/byte-buddy-1.9.10.jar:/Users/michael/.m2/repository/net/bytebuddy/byte-buddy-agent/1.9.10/byte-buddy-agent-1.9.10.jar:/Users/michael/.m2/repository/org/objenesis/objenesis/2.6/objenesis-2.6.jar:/Users/michael/.m2/repository/org/junit/jupiter/junit-jupiter/5.8.2/junit-jupiter-5.8.2.jar:/Users/michael/.m2/repository/org/junit/jupiter/junit-jupiter-api/5.8.2/junit-jupiter-api-5.8.2.jar:/Users/michael/.m2/repository/org/opentest4j/opentest4j/1.2.0/opentest4j-1.2.0.jar:/Users/michael/.m2/repository/org/junit/platform/junit-platform-commons/1.8.2/junit-platform-commons-1.8.2.jar:/Users/michael/.m2/repository/org/apiguardian/apiguardian-api/1.1.2/apiguardian-api-1.1.2.jar:/Users/michael/.m2/repository/org/junit/jupiter/junit-jupiter-params/5.8.2/junit-jupiter-params-5.8.2.jar:/Users/michael/.m2/repository/org/junit/jupiter/junit-jupiter-engine/5.8.2/junit-jupiter-engine-5.8.2.jar:/Users/michael/.m2/repository/org/junit/platform/junit-platform-engine/1.8.2/junit-platform-engine-1.8.2.jar:"/>
    <property name="java.vm.vendor" value="Oracle Corporation"/>
    <property name="sun.arch.data.model" value="64"/>
    <property name="java.vendor.url" value="https://java.oracle.com/"/>
    <property name="user.timezone" value="Europe/London"/>
    <property name="os.name" value="Mac OS X"/>
    <property name="java.vm.specification.version" value="19"/>
    <property name="sun.java.launcher" value="SUN_STANDARD"/>
    <property name="user.country" value="GB"/>
    <property name="sun.boot.library.path" value="/Library/Java/JavaVirtualMachines/jdk-19.jdk/Contents/Home/lib"/>
    <property name="sun.java.command" value="/Users/michael/stuff/code/checkouts/ml4jnew/neural-network-architectures/target/surefire/surefirebooter14079234376737835910.jar /Users/michael/stuff/code/checkouts/ml4jnew/neural-network-architectures/target/surefire 2023-02-25T00-18-34_036-jvmRun1 surefire12613887702544133052tmp surefire_015507825675004005037tmp"/>
    <property name="http.nonProxyHosts" value="local|*.local|169.254/16|*.169.254/16"/>
    <property name="jdk.debug" value="release"/>
    <property name="surefire.test.class.path" value="/Users/michael/stuff/code/checkouts/ml4jnew/neural-network-architectures/target/test-classes:/Users/michael/stuff/code/checkouts/ml4jnew/neural-network-architectures/target/classes:/Users/michael/.m2/repository/org/ml4j/ml4j-sessions-api/2.0.0.RC1/ml4j-sessions-api-2.0.0.RC1.jar:/Users/michael/.m2/repository/org/ml4j/ml4j-matrices-api/2.0.0.RC1/ml4j-matrices-api-2.0.0.RC1.jar:/Users/michael/.m2/repository/org/ml4j/ml4j-base-api/2.0.0.RC1/ml4j-base-api-2.0.0.RC1.jar:/Users/michael/.m2/repository/commons-lang/commons-lang/2.6/commons-lang-2.6.jar:/Users/michael/.m2/repository/org/ml4j/ml4j-builders-api/2.0.0.RC1/ml4j-builders-api-2.0.0.RC1.jar:/Users/michael/.m2/repository/org/ml4j/ml4j-nn-api/2.0.0.RC1/ml4j-nn-api-2.0.0.RC1.jar:/Users/michael/.m2/repository/org/ml4j/ml4j-layers-api/2.0.0.RC1/ml4j-layers-api-2.0.0.RC1.jar:/Users/michael/.m2/repository/org/ml4j/ml4j-synapses-api/2.0.0.RC1/ml4j-synapses-api-2.0.0.RC1.jar:/Users/michael/.m2/repository/org/ml4j/ml4j-streams-api/2.0.0.RC1/ml4j-streams-api-2.0.0.RC1.jar:/Users/michael/.m2/repository/com/codepoetics/protonpack/1.15/protonpack-1.15.jar:/Users/michael/.m2/repository/org/ml4j/ml4j-datasets-api/2.0.0.RC1/ml4j-datasets-api-2.0.0.RC1.jar:/Users/michael/.m2/repository/org/ml4j/ml4j-mock-activationfunctions/2.0.0-SNAPSHOT/ml4j-mock-activationfunctions-2.0.0-SNAPSHOT.jar:/Users/michael/.m2/repository/org/ml4j/ml4j-components-api/2.0.0.RC1/ml4j-components-api-2.0.0.RC1.jar:/Users/michael/.m2/repository/org/ml4j/ml4j-axons-api/2.0.0.RC1/ml4j-axons-api-2.0.0.RC1.jar:/Users/michael/.m2/repository/org/ml4j/ml4j-base-components/2.0.0-SNAPSHOT/ml4j-base-components-2.0.0-SNAPSHOT.jar:/Users/michael/.m2/repository/org/ml4j/ml4j-matrices-impl/2.0.0-SNAPSHOT/ml4j-matrices-impl-2.0.0-SNAPSHOT.jar:/Users/michael/.m2/repository/com/googlecode/netlib-java/netlib-java/1.1/netlib-java-1.1.jar:/Users/michael/.m2/repository/org/nd4j/nd4j-api/1.0.0-M2.1/nd4j-api-1.0.0-M2.1.jar:/Users/michael/.m2/repository/com/jakewharton/byteunits/byteunits/0.9.1/byteunits-0.9.1.jar:/Users/michael/.m2/repository/org/apache/commons/commons-math3/3.5/commons-math3-3.5.jar:/Users/michael/.m2/repository/org/apache/commons/commons-lang3/3.11/commons-lang3-3.11.jar:/Users/michael/.m2/repository/org/apache/commons/commons-collections4/4.1/commons-collections4-4.1.jar:/Users/michael/.m2/repository/com/google/flatbuffers/flatbuffers-java/1.12.0/flatbuffers-java-1.12.0.jar:/Users/michael/.m2/repository/org/nd4j/protobuf/1.0.0-M2.1/protobuf-1.0.0-M2.1.jar:/Users/michael/.m2/repository/com/github/oshi/oshi-core/3.4.2/oshi-core-3.4.2.jar:/Users/michael/.m2/repository/net/java/dev/jna/jna-platform/4.3.0/jna-platform-4.3.0.jar:/Users/michael/.m2/repository/net/java/dev/jna/jna/4.3.0/jna-4.3.0.jar:/Users/michael/.m2/repository/org/threeten/threetenbp/1.3.3/threetenbp-1.3.3.jar:/Users/michael/.m2/repository/org/nd4j/jackson/1.0.0-M2.1/jackson-1.0.0-M2.1.jar:/Users/michael/.m2/repository/commons-net/commons-net/3.1/commons-net-3.1.jar:/Users/michael/.m2/repository/net/ericaro/neoitertools/1.0.0/neoitertools-1.0.0.jar:/Users/michael/.m2/repository/org/nd4j/nd4j-common/1.0.0-M2.1/nd4j-common-1.0.0-M2.1.jar:/Users/michael/.m2/repository/org/nd4j/guava/1.0.0-M2.1/guava-1.0.0-M2.1.jar:/Users/michael/.m2/repository/commons-io/commons-io/2.7/commons-io-2.7.jar:/Users/michael/.m2/repository/org/apache/commons/commons-compress/1.21/commons-compress-1.21.jar:/Users/michael/.m2/repository/commons-codec/commons-codec/1.10/commons-codec-1.10.jar:/Users/michael/.m2/repository/org/jblas/jblas/1.2.5/jblas-1.2.5.jar:/Users/michael/.m2/repository/net/sourceforge/f2j/arpack_combined_all/0.1/arpack_combined_all-0.1.jar:/Users/michael/.m2/repository/com/github/fommil/netlib/core/1.1.2/core-1.1.2.jar:/Users/michael/.m2/repository/com/github/fommil/netlib/netlib-native_ref-osx-x86_64/1.1/netlib-native_ref-osx-x86_64-1.1-natives.jar:/Users/michael/.m2/repository/com/github/fommil/netlib/native_ref-java/1.1/native_ref-java-1.1.jar:/Users/michael/.m2/repository/com/github/fommil/jniloader/1.1/jniloader-1.1.jar:/Users/michael/.m2/repository/com/github/fommil/netlib/netlib-native_ref-linux-x86_64/1.1/netlib-native_ref-linux-x86_64-1.1-natives.jar:/Users/michael/.m2/repository/com/github/fommil/netlib/netlib-native_ref-linux-i686/1.1/netlib-native_ref-linux-i686-1.1-natives.jar:/Users/michael/.m2/repository/com/github/fommil/netlib/netlib-native_ref-win-x86_64/1.1/netlib-native_ref-win-x86_64-1.1-natives.jar:/Users/michael/.m2/repository/com/github/fommil/netlib/netlib-native_ref-win-i686/1.1/netlib-native_ref-win-i686-1.1-natives.jar:/Users/michael/.m2/repository/com/github/fommil/netlib/netlib-native_ref-linux-armhf/1.1/netlib-native_ref-linux-armhf-1.1-natives.jar:/Users/michael/.m2/repository/com/github/fommil/netlib/netlib-native_system-osx-x86_64/1.1/netlib-native_system-osx-x86_64-1.1-natives.jar:/Users/michael/.m2/repository/com/github/fommil/netlib/native_system-java/1.1/native_system-java-1.1.jar:/Users/michael/.m2/repository/com/github/fommil/netlib/netlib-native_system-linux-x86_64/1.1/netlib-native_system-linux-x86_64-1.1-natives.jar:/Users/michael/.m2/repository/com/github/fommil/netlib/netlib-native_system-linux-i686/1.1/netlib-native_system-linux-i686-1.1-natives.jar:/Users/michael/.m2/repository/com/github/fommil/netlib/netlib-native_system-linux-armhf/1.1/netlib-native_system-linux-armhf-1.1-natives.jar:/Users/michael/.m2/repository/com/github/fommil/netlib/netlib-native_system-win-x86_64/1.1/netlib-native_system-win-x86_64-1.1-natives.jar:/Users/michael/.m2/repository/com/github/fommil/netlib/netlib-native_system-win-i686/1.1/netlib-native_system-win-i686-1.1-natives.jar:/Users/michael/.m2/repository/org/ml4j/ml4j-base-impl/2.0.0-SNAPSHOT/ml4j-base-impl-2.0.0-SNAPSHOT.jar:/Users/michael/.m2/repository/org/ml4j/ml4j-components-tests/2.0.0-SNAPSHOT/ml4j-components-tests-2.0.0-SNAPSHOT.jar:/Users/michael/.m2/repository/org/ml4j/ml4j-sessions-impl/2.0.0-SNAPSHOT/ml4j-sessions-impl-2.0.0-SNAPSHOT.jar:/Users/michael/.m2/repository/org/ml4j/ml4j-builders-impl/2.0.0-SNAPSHOT/ml4j-builders-impl-2.0.0-SNAPSHOT.jar:/Users/michael/.m2/repository/org/ml4j/ml4j-nn-impl/2.0.0-SNAPSHOT/ml4j-nn-impl-2.0.0-SNAPSHOT.jar:/Users/michael/.m2/repository/org/ml4j/ml4j-datasets-impl/2.0.0-SNAPSHOT/ml4j-datasets-impl-2.0.0-SNAPSHOT.jar:/Users/michael/.m2/repository/net/coobird/thumbnailator/0.4.7/thumbnailator-0.4.7.jar:/Users/michael/.m2/repository/org/ml4j/ml4j-layers-impl/2.0.0-SNAPSHOT/ml4j-layers-impl-2.0.0-SNAPSHOT.jar:/Users/michael/.m2/repository/org/ml4j/ml4j-synapses-impl/2.0.0-SNAPSHOT/ml4j-synapses-impl-2.0.0-SNAPSHOT.jar:/Users/michael/.m2/repository/org/ml4j/ml4j-layered-nn-impl/2.0.0-SNAPSHOT/ml4j-layered-nn-impl-2.0.0-SNAPSHOT.jar:/Users/michael/.m2/repository/org/ml4j/ml4j-mock-components/2.0.0-SNAPSHOT/ml4j-mock-components-2.0.0-SNAPSHOT.jar:/Users/michael/.m2/repository/org/bytedeco/openblas/0.3.6-1.5.1/openblas-0.3.6-1.5.1.jar:/Users/michael/.m2/repository/org/bytedeco/javacpp/1.5.1/javacpp-1.5.1.jar:/Users/michael/.m2/repository/org/projectlombok/lombok/1.18.26/lombok-1.18.26.jar:/Users/michael/.m2/repository/ch/qos/logback/logback-classic/1.1.2/logback-classic-1.1.2.jar:/Users/michael/.m2/repository/ch/qos/logback/logback-core/1.1.2/logback-core-1.1.2.jar:/Users/michael/.m2/repository/org/slf4j/slf4j-api/1.7.6/slf4j-api-1.7.6.jar:/Users/michael/.m2/repository/org/mockito/mockito-core/3.1.0/mockito-core-3.1.0.jar:/Users/michael/.m2/repository/net/bytebuddy/byte-buddy/1.9.10/byte-buddy-1.9.10.jar:/Users/michael/.m2/repository/net/bytebuddy/byte-buddy-agent/1.9.10/byte-buddy-agent-1.9.10.jar:/Users/michael/.m2/repository/org/objenesis/objenesis/2.6/objenesis-2.6.jar:/Users/michael/.m2/repository/org/junit/jupiter/junit-jupiter/5.8.2/junit-jupiter-5.8.2.jar:/Users/michael/.m2/repository/org/junit/jupiter/junit-jupiter-api/5.8.2/junit-jupiter-api-5.8.2.jar:/Users/michael/.m2/repository/org/opentest4j/opentest4j/1.2.0/opentest4j-1.2.0.jar:/Users/michael/.m2/repository/org/junit/platform/junit-platform-commons/1.8.2/junit-platform-commons-1.8.2.jar:/Users/michael/.m2/repository/org/apiguardian/apiguardian-api/1.1.2/apiguardian-api-1.1.2.jar:/Users/michael/.m2/repository/org/junit/jupiter/junit-jupiter-params/5.8.2/junit-jupiter-params-5.8.2.jar:/Users/michael/.m2/repository/org/junit/jupiter/junit-jupiter-engine/5.8.2/junit-jupiter-engine-5.8.2.jar:/Users/michael/.m2/repository/org/junit/platform/junit-platform-engine/1.8.2/junit-platform-engine-1.8.2.jar:"/>
    <property name="sun.cpu.endian" value="little"/>
    <property name="user.home" value="/Users/michael"/>
    <property name="user.language" value="en"/>
    <property name="java.specification.vendor" value="Oracle Corporation"/>
    <property name="java.version.date" value="2023-01-17"/>
    <property name="java.home" value="/Library/Java/JavaVirtualMachines/jdk-19.jdk/Contents/Home"/>
    <property name="file.separator" value="/"/>
    <property name="basedir" value="/Users/michael/stuff/code/checkouts/ml4jnew/neural-network-architectures"/>
    <property name="java.vm.compressedOopsMode" value="Zero based"/>
    <property name="line.separator" value="&#10;"/>
    <property name="java.vm.specification.vendor" value="Oracle Corporation"/>
    <property name="java.specification.name" value="Java Platform API Specification"/>
    <property name="apple.awt.application.name" value="ForkedBooter"/>
    <property name="surefire.real.class.path" value="/Users/michael/stuff/code/checkouts/ml4jnew/neural-network-architectures/target/surefire/surefirebooter14079234376737835910.jar"/>
    <property name="sun.management.compiler" value="HotSpot 64-Bit Tiered Compilers"/>
    <property name="ftp.nonProxyHosts" value="local|*.local|169.254/16|*.169.254/16"/>
    <property name="java.runtime.version" value="19.0.2+7-44"/>
    <property name="user.name" value="michael"/>
    <property name="stdout.encoding" value="UTF-8"/>
    <property name="path.separator" value=":"/>
    <property name="os.version" value="11.7.4"/>
    <property name="java.runtime.name" value="Java(TM) SE Runtime Environment"/>
    <property name="file.encoding" value="UTF-8"/>
    <property name="java.vm.name" value="Java HotSpot(TM) 64-Bit Server VM"/>
    <property name="localRepository" value="/Users/michael/.m2/repository"/>
    <property name="java.vendor.url.bug" value="https://bugreport.java.com/bugreport/"/>
    <property name="java.io.tmpdir" value="/var/folders/_0/3cz706156m1d_d1yr1md2mx00000gn/T/"/>
    <property name="java.version" value="19.0.2"/>
    <property name="user.dir" value="/Users/michael/stuff/code/checkouts/ml4jnew/neural-network-architectures"/>
    <property name="os.arch" value="aarch64"/>
    <property name="java.vm.specification.name" value="Java Virtual Machine Specification"/>
    <property name="native.encoding" value="UTF-8"/>
    <property name="java.library.path" value="/Users/michael/Library/Java/Extensions:/Library/Java/Extensions:/Network/Library/Java/Extensions:/System/Library/Java/Extensions:/usr/lib/java:."/>
    <property name="java.vm.info" value="mixed mode, sharing"/>
    <property name="stderr.encoding" value="UTF-8"/>
    <property name="java.vendor" value="Oracle Corporation"/>
    <property name="java.vm.version" value="19.0.2+7-44"/>
    <property name="sun.io.unicode.encoding" value="UnicodeBig"/>
    <property name="socksNonProxyHosts" value="local|*.local|169.254/16|*.169.254/16"/>
    <property name="java.class.version" value="63.0"/>
  </properties>
  <testcase name="testComponentGraphCreation" classname="org.ml4j.nn.architectures.yolo.yolov2.YOLOv2DefinitionTest" time="0.02">
    <system-out><![CDATA[00:18:40.143 DEBUG YOLOv2DefinitionTest                   Component:0:AXONS.DIRECTED.org.ml4j.nn.axons.AxonsBaseType.CONVOLUTIONAL: Input Neurons: Neurons3D [width=608, height=608, depth=3, hasBiasUnit=false, neuronCountIncludingBias=1108992, neuronCountExcludingBias=1108992]
00:18:40.143 DEBUG YOLOv2DefinitionTest                   Component:1:AXONS.DIRECTED.org.ml4j.nn.axons.AxonsBaseType.BATCH_NORM.SCALE_AND_SHIFT: Input Neurons: Neurons3D [width=608, height=608, depth=32, hasBiasUnit=false, neuronCountIncludingBias=11829248, neuronCountExcludingBias=11829248]
00:18:40.144 DEBUG YOLOv2DefinitionTest                   Component:2:ACTIVATION_FUNCTION.org.ml4j.nn.activationfunctions.ActivationFunctionBaseType.LEAKYRELU: Input Neurons: Neurons3D [width=608, height=608, depth=32, hasBiasUnit=false, neuronCountIncludingBias=11829248, neuronCountExcludingBias=11829248]
00:18:40.144 DEBUG YOLOv2DefinitionTest                   Component:3:AXONS.DIRECTED.org.ml4j.nn.axons.AxonsBaseType.MAX_POOLING: Input Neurons: Neurons3D [width=608, height=608, depth=32, hasBiasUnit=false, neuronCountIncludingBias=11829248, neuronCountExcludingBias=11829248]
00:18:40.144 DEBUG YOLOv2DefinitionTest                   Component:4:AXONS.DIRECTED.org.ml4j.nn.axons.AxonsBaseType.CONVOLUTIONAL: Input Neurons: Neurons3D [width=304, height=304, depth=32, hasBiasUnit=false, neuronCountIncludingBias=2957312, neuronCountExcludingBias=2957312]
00:18:40.144 DEBUG YOLOv2DefinitionTest                   Component:5:AXONS.DIRECTED.org.ml4j.nn.axons.AxonsBaseType.BATCH_NORM.SCALE_AND_SHIFT: Input Neurons: Neurons3D [width=304, height=304, depth=64, hasBiasUnit=false, neuronCountIncludingBias=5914624, neuronCountExcludingBias=5914624]
00:18:40.144 DEBUG YOLOv2DefinitionTest                   Component:6:ACTIVATION_FUNCTION.org.ml4j.nn.activationfunctions.ActivationFunctionBaseType.LEAKYRELU: Input Neurons: Neurons3D [width=304, height=304, depth=64, hasBiasUnit=false, neuronCountIncludingBias=5914624, neuronCountExcludingBias=5914624]
00:18:40.144 DEBUG YOLOv2DefinitionTest                   Component:7:AXONS.DIRECTED.org.ml4j.nn.axons.AxonsBaseType.MAX_POOLING: Input Neurons: Neurons3D [width=304, height=304, depth=64, hasBiasUnit=false, neuronCountIncludingBias=5914624, neuronCountExcludingBias=5914624]
00:18:40.144 DEBUG YOLOv2DefinitionTest                   Component:8:AXONS.DIRECTED.org.ml4j.nn.axons.AxonsBaseType.CONVOLUTIONAL: Input Neurons: Neurons3D [width=152, height=152, depth=64, hasBiasUnit=false, neuronCountIncludingBias=1478656, neuronCountExcludingBias=1478656]
00:18:40.144 DEBUG YOLOv2DefinitionTest                   Component:9:AXONS.DIRECTED.org.ml4j.nn.axons.AxonsBaseType.BATCH_NORM.SCALE_AND_SHIFT: Input Neurons: Neurons3D [width=152, height=152, depth=128, hasBiasUnit=false, neuronCountIncludingBias=2957312, neuronCountExcludingBias=2957312]
00:18:40.144 DEBUG YOLOv2DefinitionTest                   Component:10:ACTIVATION_FUNCTION.org.ml4j.nn.activationfunctions.ActivationFunctionBaseType.LEAKYRELU: Input Neurons: Neurons3D [width=152, height=152, depth=128, hasBiasUnit=false, neuronCountIncludingBias=2957312, neuronCountExcludingBias=2957312]
00:18:40.144 DEBUG YOLOv2DefinitionTest                   Component:11:AXONS.DIRECTED.org.ml4j.nn.axons.AxonsBaseType.CONVOLUTIONAL: Input Neurons: Neurons3D [width=152, height=152, depth=128, hasBiasUnit=false, neuronCountIncludingBias=2957312, neuronCountExcludingBias=2957312]
00:18:40.144 DEBUG YOLOv2DefinitionTest                   Component:12:AXONS.DIRECTED.org.ml4j.nn.axons.AxonsBaseType.BATCH_NORM.SCALE_AND_SHIFT: Input Neurons: Neurons3D [width=152, height=152, depth=64, hasBiasUnit=false, neuronCountIncludingBias=1478656, neuronCountExcludingBias=1478656]
00:18:40.144 DEBUG YOLOv2DefinitionTest                   Component:13:ACTIVATION_FUNCTION.org.ml4j.nn.activationfunctions.ActivationFunctionBaseType.LEAKYRELU: Input Neurons: Neurons3D [width=152, height=152, depth=64, hasBiasUnit=false, neuronCountIncludingBias=1478656, neuronCountExcludingBias=1478656]
00:18:40.144 DEBUG YOLOv2DefinitionTest                   Component:14:AXONS.DIRECTED.org.ml4j.nn.axons.AxonsBaseType.CONVOLUTIONAL: Input Neurons: Neurons3D [width=152, height=152, depth=64, hasBiasUnit=false, neuronCountIncludingBias=1478656, neuronCountExcludingBias=1478656]
00:18:40.144 DEBUG YOLOv2DefinitionTest                   Component:15:AXONS.DIRECTED.org.ml4j.nn.axons.AxonsBaseType.BATCH_NORM.SCALE_AND_SHIFT: Input Neurons: Neurons3D [width=152, height=152, depth=128, hasBiasUnit=false, neuronCountIncludingBias=2957312, neuronCountExcludingBias=2957312]
00:18:40.144 DEBUG YOLOv2DefinitionTest                   Component:16:ACTIVATION_FUNCTION.org.ml4j.nn.activationfunctions.ActivationFunctionBaseType.LEAKYRELU: Input Neurons: Neurons3D [width=152, height=152, depth=128, hasBiasUnit=false, neuronCountIncludingBias=2957312, neuronCountExcludingBias=2957312]
00:18:40.144 DEBUG YOLOv2DefinitionTest                   Component:17:AXONS.DIRECTED.org.ml4j.nn.axons.AxonsBaseType.MAX_POOLING: Input Neurons: Neurons3D [width=152, height=152, depth=128, hasBiasUnit=false, neuronCountIncludingBias=2957312, neuronCountExcludingBias=2957312]
00:18:40.144 DEBUG YOLOv2DefinitionTest                   Component:18:AXONS.DIRECTED.org.ml4j.nn.axons.AxonsBaseType.CONVOLUTIONAL: Input Neurons: Neurons3D [width=76, height=76, depth=128, hasBiasUnit=false, neuronCountIncludingBias=739328, neuronCountExcludingBias=739328]
00:18:40.144 DEBUG YOLOv2DefinitionTest                   Component:19:AXONS.DIRECTED.org.ml4j.nn.axons.AxonsBaseType.BATCH_NORM.SCALE_AND_SHIFT: Input Neurons: Neurons3D [width=76, height=76, depth=256, hasBiasUnit=false, neuronCountIncludingBias=1478656, neuronCountExcludingBias=1478656]
00:18:40.144 DEBUG YOLOv2DefinitionTest                   Component:20:ACTIVATION_FUNCTION.org.ml4j.nn.activationfunctions.ActivationFunctionBaseType.LEAKYRELU: Input Neurons: Neurons3D [width=76, height=76, depth=256, hasBiasUnit=false, neuronCountIncludingBias=1478656, neuronCountExcludingBias=1478656]
00:18:40.144 DEBUG YOLOv2DefinitionTest                   Component:21:AXONS.DIRECTED.org.ml4j.nn.axons.AxonsBaseType.CONVOLUTIONAL: Input Neurons: Neurons3D [width=76, height=76, depth=256, hasBiasUnit=false, neuronCountIncludingBias=1478656, neuronCountExcludingBias=1478656]
00:18:40.144 DEBUG YOLOv2DefinitionTest                   Component:22:AXONS.DIRECTED.org.ml4j.nn.axons.AxonsBaseType.BATCH_NORM.SCALE_AND_SHIFT: Input Neurons: Neurons3D [width=76, height=76, depth=128, hasBiasUnit=false, neuronCountIncludingBias=739328, neuronCountExcludingBias=739328]
00:18:40.144 DEBUG YOLOv2DefinitionTest                   Component:23:ACTIVATION_FUNCTION.org.ml4j.nn.activationfunctions.ActivationFunctionBaseType.LEAKYRELU: Input Neurons: Neurons3D [width=76, height=76, depth=128, hasBiasUnit=false, neuronCountIncludingBias=739328, neuronCountExcludingBias=739328]
00:18:40.144 DEBUG YOLOv2DefinitionTest                   Component:24:AXONS.DIRECTED.org.ml4j.nn.axons.AxonsBaseType.CONVOLUTIONAL: Input Neurons: Neurons3D [width=76, height=76, depth=128, hasBiasUnit=false, neuronCountIncludingBias=739328, neuronCountExcludingBias=739328]
00:18:40.144 DEBUG YOLOv2DefinitionTest                   Component:25:AXONS.DIRECTED.org.ml4j.nn.axons.AxonsBaseType.BATCH_NORM.SCALE_AND_SHIFT: Input Neurons: Neurons3D [width=76, height=76, depth=256, hasBiasUnit=false, neuronCountIncludingBias=1478656, neuronCountExcludingBias=1478656]
00:18:40.144 DEBUG YOLOv2DefinitionTest                   Component:26:ACTIVATION_FUNCTION.org.ml4j.nn.activationfunctions.ActivationFunctionBaseType.LEAKYRELU: Input Neurons: Neurons3D [width=76, height=76, depth=256, hasBiasUnit=false, neuronCountIncludingBias=1478656, neuronCountExcludingBias=1478656]
00:18:40.144 DEBUG YOLOv2DefinitionTest                   Component:27:AXONS.DIRECTED.org.ml4j.nn.axons.AxonsBaseType.MAX_POOLING: Input Neurons: Neurons3D [width=76, height=76, depth=256, hasBiasUnit=false, neuronCountIncludingBias=1478656, neuronCountExcludingBias=1478656]
00:18:40.144 DEBUG YOLOv2DefinitionTest                   Component:28:AXONS.DIRECTED.org.ml4j.nn.axons.AxonsBaseType.CONVOLUTIONAL: Input Neurons: Neurons3D [width=38, height=38, depth=256, hasBiasUnit=false, neuronCountIncludingBias=369664, neuronCountExcludingBias=369664]
00:18:40.144 DEBUG YOLOv2DefinitionTest                   Component:29:AXONS.DIRECTED.org.ml4j.nn.axons.AxonsBaseType.BATCH_NORM.SCALE_AND_SHIFT: Input Neurons: Neurons3D [width=38, height=38, depth=512, hasBiasUnit=false, neuronCountIncludingBias=739328, neuronCountExcludingBias=739328]
00:18:40.144 DEBUG YOLOv2DefinitionTest                   Component:30:ACTIVATION_FUNCTION.org.ml4j.nn.activationfunctions.ActivationFunctionBaseType.LEAKYRELU: Input Neurons: Neurons3D [width=38, height=38, depth=512, hasBiasUnit=false, neuronCountIncludingBias=739328, neuronCountExcludingBias=739328]
00:18:40.144 DEBUG YOLOv2DefinitionTest                   Component:31:AXONS.DIRECTED.org.ml4j.nn.axons.AxonsBaseType.CONVOLUTIONAL: Input Neurons: Neurons3D [width=38, height=38, depth=512, hasBiasUnit=false, neuronCountIncludingBias=739328, neuronCountExcludingBias=739328]
00:18:40.144 DEBUG YOLOv2DefinitionTest                   Component:32:AXONS.DIRECTED.org.ml4j.nn.axons.AxonsBaseType.BATCH_NORM.SCALE_AND_SHIFT: Input Neurons: Neurons3D [width=38, height=38, depth=256, hasBiasUnit=false, neuronCountIncludingBias=369664, neuronCountExcludingBias=369664]
00:18:40.144 DEBUG YOLOv2DefinitionTest                   Component:33:ACTIVATION_FUNCTION.org.ml4j.nn.activationfunctions.ActivationFunctionBaseType.LEAKYRELU: Input Neurons: Neurons3D [width=38, height=38, depth=256, hasBiasUnit=false, neuronCountIncludingBias=369664, neuronCountExcludingBias=369664]
00:18:40.144 DEBUG YOLOv2DefinitionTest                   Component:34:AXONS.DIRECTED.org.ml4j.nn.axons.AxonsBaseType.CONVOLUTIONAL: Input Neurons: Neurons3D [width=38, height=38, depth=256, hasBiasUnit=false, neuronCountIncludingBias=369664, neuronCountExcludingBias=369664]
00:18:40.144 DEBUG YOLOv2DefinitionTest                   Component:35:AXONS.DIRECTED.org.ml4j.nn.axons.AxonsBaseType.BATCH_NORM.SCALE_AND_SHIFT: Input Neurons: Neurons3D [width=38, height=38, depth=512, hasBiasUnit=false, neuronCountIncludingBias=739328, neuronCountExcludingBias=739328]
00:18:40.144 DEBUG YOLOv2DefinitionTest                   Component:36:ACTIVATION_FUNCTION.org.ml4j.nn.activationfunctions.ActivationFunctionBaseType.LEAKYRELU: Input Neurons: Neurons3D [width=38, height=38, depth=512, hasBiasUnit=false, neuronCountIncludingBias=739328, neuronCountExcludingBias=739328]
00:18:40.144 DEBUG YOLOv2DefinitionTest                   Component:37:AXONS.DIRECTED.org.ml4j.nn.axons.AxonsBaseType.CONVOLUTIONAL: Input Neurons: Neurons3D [width=38, height=38, depth=512, hasBiasUnit=false, neuronCountIncludingBias=739328, neuronCountExcludingBias=739328]
00:18:40.144 DEBUG YOLOv2DefinitionTest                   Component:38:AXONS.DIRECTED.org.ml4j.nn.axons.AxonsBaseType.BATCH_NORM.SCALE_AND_SHIFT: Input Neurons: Neurons3D [width=38, height=38, depth=256, hasBiasUnit=false, neuronCountIncludingBias=369664, neuronCountExcludingBias=369664]
00:18:40.144 DEBUG YOLOv2DefinitionTest                   Component:39:ACTIVATION_FUNCTION.org.ml4j.nn.activationfunctions.ActivationFunctionBaseType.LEAKYRELU: Input Neurons: Neurons3D [width=38, height=38, depth=256, hasBiasUnit=false, neuronCountIncludingBias=369664, neuronCountExcludingBias=369664]
00:18:40.145 DEBUG YOLOv2DefinitionTest                   Component:40:AXONS.DIRECTED.org.ml4j.nn.axons.AxonsBaseType.CONVOLUTIONAL: Input Neurons: Neurons3D [width=38, height=38, depth=256, hasBiasUnit=false, neuronCountIncludingBias=369664, neuronCountExcludingBias=369664]
00:18:40.145 DEBUG YOLOv2DefinitionTest                   Component:41:AXONS.DIRECTED.org.ml4j.nn.axons.AxonsBaseType.BATCH_NORM.SCALE_AND_SHIFT: Input Neurons: Neurons3D [width=38, height=38, depth=512, hasBiasUnit=false, neuronCountIncludingBias=739328, neuronCountExcludingBias=739328]
00:18:40.145 DEBUG YOLOv2DefinitionTest                   Component:42:ACTIVATION_FUNCTION.org.ml4j.nn.activationfunctions.ActivationFunctionBaseType.LEAKYRELU: Input Neurons: Neurons3D [width=38, height=38, depth=512, hasBiasUnit=false, neuronCountIncludingBias=739328, neuronCountExcludingBias=739328]
00:18:40.145 DEBUG YOLOv2DefinitionTest                   Component:43:COMPONENT_BIPOLE_GRAPH.org.ml4j.nn.components.onetone.DefaultDirectedComponentBipoleGraph: Input Neurons: Neurons3D [width=38, height=38, depth=512, hasBiasUnit=false, neuronCountIncludingBias=739328, neuronCountExcludingBias=739328]
00:18:40.145 DEBUG YOLOv2DefinitionTest                   Component:44:AXONS.DIRECTED.org.ml4j.nn.axons.AxonsBaseType.CONVOLUTIONAL: Input Neurons: Neurons3D [width=19, height=19, depth=1280, hasBiasUnit=false, neuronCountIncludingBias=462080, neuronCountExcludingBias=462080]
00:18:40.145 DEBUG YOLOv2DefinitionTest                   Component:45:AXONS.DIRECTED.org.ml4j.nn.axons.AxonsBaseType.BATCH_NORM.SCALE_AND_SHIFT: Input Neurons: Neurons3D [width=19, height=19, depth=1024, hasBiasUnit=true, neuronCountIncludingBias=369665, neuronCountExcludingBias=369664]
00:18:40.145 DEBUG YOLOv2DefinitionTest                   Component:46:ACTIVATION_FUNCTION.org.ml4j.nn.activationfunctions.ActivationFunctionBaseType.LEAKYRELU: Input Neurons: Neurons3D [width=19, height=19, depth=1024, hasBiasUnit=true, neuronCountIncludingBias=369665, neuronCountExcludingBias=369664]
00:18:40.145 DEBUG YOLOv2DefinitionTest                   Component:47:AXONS.DIRECTED.org.ml4j.nn.axons.AxonsBaseType.CONVOLUTIONAL: Input Neurons: Neurons3D [width=19, height=19, depth=1024, hasBiasUnit=true, neuronCountIncludingBias=369665, neuronCountExcludingBias=369664]
00:18:40.145 DEBUG YOLOv2DefinitionTest                   Component:48:ACTIVATION_FUNCTION.org.ml4j.nn.activationfunctions.ActivationFunctionBaseType.LINEAR: Input Neurons: Neurons3D [width=19, height=19, depth=425, hasBiasUnit=false, neuronCountIncludingBias=153425, neuronCountExcludingBias=153425]
00:18:40.148 DEBUG DummyDefaultDirectedComponentChain     Mock forward propagating through DummyDefaultDirectedComponentChain
00:18:40.149 DEBUG DummyDirectedAxonsComponent            Forward propagating through DummyDirectedAxonsComponent
00:18:40.149 DEBUG DummyBatchNormDirectedAxonsComponent   Forward propagating through DummyDirectedAxonsComponent
00:18:40.149 DEBUG DummyDirectedAxonsComponent            Forward propagating through DummyDirectedAxonsComponent
00:18:40.149 DEBUG DummyDirectedAxonsComponent            Forward propagating through DummyDirectedAxonsComponent
00:18:40.149 DEBUG DummyBatchNormDirectedAxonsComponent   Forward propagating through DummyDirectedAxonsComponent
00:18:40.149 DEBUG DummyDirectedAxonsComponent            Forward propagating through DummyDirectedAxonsComponent
00:18:40.149 DEBUG DummyDirectedAxonsComponent            Forward propagating through DummyDirectedAxonsComponent
00:18:40.149 DEBUG DummyBatchNormDirectedAxonsComponent   Forward propagating through DummyDirectedAxonsComponent
00:18:40.149 DEBUG DummyDirectedAxonsComponent            Forward propagating through DummyDirectedAxonsComponent
00:18:40.149 DEBUG DummyBatchNormDirectedAxonsComponent   Forward propagating through DummyDirectedAxonsComponent
00:18:40.149 DEBUG DummyDirectedAxonsComponent            Forward propagating through DummyDirectedAxonsComponent
00:18:40.149 DEBUG DummyBatchNormDirectedAxonsComponent   Forward propagating through DummyDirectedAxonsComponent
00:18:40.149 DEBUG DummyDirectedAxonsComponent            Forward propagating through DummyDirectedAxonsComponent
00:18:40.149 DEBUG DummyDirectedAxonsComponent            Forward propagating through DummyDirectedAxonsComponent
00:18:40.150 DEBUG DummyBatchNormDirectedAxonsComponent   Forward propagating through DummyDirectedAxonsComponent
00:18:40.150 DEBUG DummyDirectedAxonsComponent            Forward propagating through DummyDirectedAxonsComponent
00:18:40.150 DEBUG DummyBatchNormDirectedAxonsComponent   Forward propagating through DummyDirectedAxonsComponent
00:18:40.150 DEBUG DummyDirectedAxonsComponent            Forward propagating through DummyDirectedAxonsComponent
00:18:40.150 DEBUG DummyBatchNormDirectedAxonsComponent   Forward propagating through DummyDirectedAxonsComponent
00:18:40.150 DEBUG DummyDirectedAxonsComponent            Forward propagating through DummyDirectedAxonsComponent
00:18:40.150 DEBUG DummyDirectedAxonsComponent            Forward propagating through DummyDirectedAxonsComponent
00:18:40.150 DEBUG DummyBatchNormDirectedAxonsComponent   Forward propagating through DummyDirectedAxonsComponent
00:18:40.150 DEBUG DummyDirectedAxonsComponent            Forward propagating through DummyDirectedAxonsComponent
00:18:40.150 DEBUG DummyBatchNormDirectedAxonsComponent   Forward propagating through DummyDirectedAxonsComponent
00:18:40.150 DEBUG DummyDirectedAxonsComponent            Forward propagating through DummyDirectedAxonsComponent
00:18:40.150 DEBUG DummyBatchNormDirectedAxonsComponent   Forward propagating through DummyDirectedAxonsComponent
00:18:40.150 DEBUG DummyDirectedAxonsComponent            Forward propagating through DummyDirectedAxonsComponent
00:18:40.150 DEBUG DummyBatchNormDirectedAxonsComponent   Forward propagating through DummyDirectedAxonsComponent
00:18:40.150 DEBUG DummyDirectedAxonsComponent            Forward propagating through DummyDirectedAxonsComponent
00:18:40.150 DEBUG DummyBatchNormDirectedAxonsComponent   Forward propagating through DummyDirectedAxonsComponent
00:18:40.150 DEBUG DummyDefaultDirectedComponentBipoleGraph Mock forward propagating through DummyDefaultDirectedComponentChainBipoleGraph
00:18:40.150 DEBUG DummyDirectedAxonsComponent            Forward propagating through DummyDirectedAxonsComponent
00:18:40.150 DEBUG DummyBatchNormDirectedAxonsComponent   Forward propagating through DummyDirectedAxonsComponent
00:18:40.150 DEBUG DummyDirectedAxonsComponent            Forward propagating through DummyDirectedAxonsComponent
00:18:40.151 DEBUG DummyNeuronsActivation                 Creating activations matrix from neurons activation
]]></system-out>
  </testcase>
</testsuite>